<?xml version="1.0" encoding="UTF-8"?>
<!-- Generated by org.testng.reporters.JUnitXMLReporter -->
<testsuite ignored="0" hostname="DESKTOP-6J67IDM" failures="1" tests="3" name="Test" time="0.079" errors="0" timestamp="2021-03-15T18:15:27 EDT">
  <testcase classname="day32_Listeners.ListenerTest" name="test1" time="0.011"/>
  <testcase classname="day32_Listeners.ListenerTest" name="test2" time="0.0">
    <failure type="java.lang.AssertionError" message="expected [B] but found [A]">
      <![CDATA[java.lang.AssertionError: expected [B] but found [A]
at day32_Listeners.ListenerTest.test2(ListenerTest.java:19)
at java.base/java.util.ArrayList.forEach(ArrayList.java:1540)
... Removed 33 stack frames]]>
    </failure>
  </testcase> <!-- test2 -->
  <testcase classname="day32_Listeners.ListenerTest" name="test3" time="0.0">
    <skipped/>
  </testcase> <!-- test3 -->
</testsuite> <!-- Test -->
