<?xml version="1.0" encoding="UTF-8"?>
<!-- Generated by org.testng.reporters.JUnitXMLReporter -->
<testsuite hostname="BUSYQA4" ignored="0" name="Default test" tests="7" failures="0" timestamp="04 Jul 2020 16:00:30 GMT" time="78.117" errors="0">
  <testcase name="verifyHomepageTitle" time="12.041" classname="com.org.learningMaven.myMavenProject3.NewTest"/>
  <testcase name="login" time="6.011" classname="com.org.learningMaven.myMavenProject3.NewTest2"/>
  <testcase name="login" time="5.443" classname="RegressionTest.NewTest3"/>
  <testcase name="login" time="5.354" classname="UserAcceptanceTest.NewTest4"/>
  <testcase name="bookTicket" time="0.002" classname="com.org.learningMaven.myMavenProject3.NewTest2"/>
  <testcase name="bookTicket" time="0.001" classname="RegressionTest.NewTest3"/>
  <testcase name="bookTicket" time="0.001" classname="UserAcceptanceTest.NewTest4"/>
</testsuite> <!-- Default test -->
