<?xml version="1.0" encoding="UTF-8"?>
<!-- Generated by org.testng.reporters.JUnitXMLReporter -->
<testsuite ignored="0" hostname="DESKTOP-6J67IDM" failures="0" tests="3" name="chrometest" time="17.62" errors="0" timestamp="2020-08-25T16:37:37 EDT">
  <testcase classname="integrationtesting.coursework12" name="@BeforeMethod verifyHomepageTitle" time="0.015">
    <failure type="java.lang.AssertionError" message="expected [Welcome: Mercury Tours] but found [newtours.demoaut.com]">
      <![CDATA[java.lang.AssertionError: expected [Welcome: Mercury Tours] but found [newtours.demoaut.com]
at integrationtesting.coursework12.verifyHomepageTitle(coursework12.java:37)
at java.base/java.util.ArrayList.forEach(ArrayList.java:1540)
... Removed 36 stack frames]]>
    </failure>
  </testcase> <!-- @BeforeMethod verifyHomepageTitle -->
  <testcase classname="integrationtesting.coursework12" name="@AfterMethod gobackHome" time="-1.598387856911E9">
    <skipped/>
  </testcase> <!-- @AfterMethod gobackHome -->
  <testcase classname="integrationtesting.coursework12" name="@BeforeMethod verifyHomepageTitle" time="-1.598387856919E9">
    <skipped/>
  </testcase> <!-- @BeforeMethod verifyHomepageTitle -->
  <testcase classname="integrationtesting.coursework12" name="@AfterMethod gobackHome" time="-1.598387856933E9">
    <skipped/>
  </testcase> <!-- @AfterMethod gobackHome -->
  <testcase classname="integrationtesting.coursework12" name="@BeforeMethod verifyHomepageTitle" time="-1.598387856937E9">
    <skipped/>
  </testcase> <!-- @BeforeMethod verifyHomepageTitle -->
  <testcase classname="integrationtesting.coursework12" name="@AfterMethod gobackHome" time="-1.598387856955E9">
    <skipped/>
  </testcase> <!-- @AfterMethod gobackHome -->
  <testcase classname="integrationtesting.coursework12" name="@AfterTest closewebsite" time="-1.598387856971E9">
    <skipped/>
  </testcase> <!-- @AfterTest closewebsite -->
  <testcase classname="integrationtesting.coursework12" name="bookroundtripticket" time="0.0">
    <skipped/>
  </testcase> <!-- bookroundtripticket -->
  <testcase classname="integrationtesting.coursework12" name="displaycruiseweeklyitinerary" time="0.0">
    <skipped/>
  </testcase> <!-- displaycruiseweeklyitinerary -->
  <testcase classname="integrationtesting.coursework12" name="userunabletoreservehotel" time="0.0">
    <skipped/>
  </testcase> <!-- userunabletoreservehotel -->
</testsuite> <!-- chrometest -->
