<?xml version="1.0" encoding="UTF-8"?>
<!-- Generated by org.testng.reporters.JUnitXMLReporter -->
<testsuite ignored="0" hostname="DESKTOP-6J67IDM" failures="1" tests="3" name="ExtentTest" time="6.898" errors="0" timestamp="2021-03-16T20:30:02 EDT">
  <testcase classname="day33_ExtentReports.LoginTest" name="testLogo" time="0.125"/>
  <testcase classname="day33_ExtentReports.LoginTest" name="testLogin" time="1.775">
    <failure type="java.lang.AssertionError" message="expected [false] but found [true]">
      <![CDATA[java.lang.AssertionError: expected [false] but found [true]
at day33_ExtentReports.LoginTest.testLogin(LoginTest.java:53)
at java.base/java.util.ArrayList.forEach(ArrayList.java:1540)
... Removed 33 stack frames]]>
    </failure>
  </testcase> <!-- testLogin -->
  <testcase classname="day33_ExtentReports.LoginTest" name="testLogout" time="0.0">
    <skipped/>
  </testcase> <!-- testLogout -->
</testsuite> <!-- ExtentTest -->
