<?xml version="1.0" encoding="UTF-8"?>
<!-- Generated by org.testng.reporters.JUnitXMLReporter -->
<testsuite ignored="3" hostname="DESKTOP-6J67IDM" failures="0" tests="6" name="grouping test" time="0.093" errors="0" timestamp="2021-03-11T12:11:36 EST">
  <testcase classname="day30.Grouping" name="loginByEmail" time="0.011"/>
  <testcase classname="day30.Grouping" name="signupbyemail" time="0.002"/>
  <testcase classname="day30.Grouping" name="signupbyfacebook" time="0.002"/>
  <testcase classname="day30.Grouping" name="signupbytwitter" time="0.003"/>
  <testcase classname="day30.Grouping" name="paymentReturnbyBank" time="0.002"/>
  <testcase classname="day30.Grouping" name="paymentinrupees" time="0.005"/>
  <testcase classname="day30.Grouping" name="paymentindollar" time="0.0">
    <ignored/>
  </testcase> <!-- paymentindollar -->
  <testcase classname="day30.Grouping" name="loginBytwitter" time="0.0">
    <ignored/>
  </testcase> <!-- loginBytwitter -->
  <testcase classname="day30.Grouping" name="loginByfacebook" time="0.0">
    <ignored/>
  </testcase> <!-- loginByfacebook -->
</testsuite> <!-- grouping test -->
